> Output of command latex "TP_tmp.tex" is 


C:\Users\yjin\ICASSPConf\ICASSP2010>latex "TP_tmp.tex" 
This is pdfTeX, Version 3.1415926-1.40.9 (MiKTeX 2.7)
entering extended mode
(TP_tmp.tex
LaTeX2e <2005/12/01>
Babel <v3.8l> and hyphenation patterns for english, dumylang, nohyphenation, ge
rman, ngerman, german-x-2008-06-18, ngerman-x-2008-06-18, french, loaded.
("C:\Program Files\MiKTeX 2.7\tex\latex\base\article.cls"
Document Class: article 2005/09/16 v1.4f Standard LaTeX document class
("C:\Program Files\MiKTeX 2.7\tex\latex\base\size10.clo"))
("C:\Program Files\MiKTeX 2.7\tex\latex\amsmath\amsmath.sty"
For additional information on amsmath, use the `?' option.
("C:\Program Files\MiKTeX 2.7\tex\latex\amsmath\amstext.sty"
("C:\Program Files\MiKTeX 2.7\tex\latex\amsmath\amsgen.sty"))
("C:\Program Files\MiKTeX 2.7\tex\latex\amsmath\amsbsy.sty")
("C:\Program Files\MiKTeX 2.7\tex\latex\amsmath\amsopn.sty"))
("C:\Program Files\MiKTeX 2.7\tex\latex\amsfonts\amssymb.sty"
("C:\Program Files\MiKTeX 2.7\tex\latex\amsfonts\amsfonts.sty"))
No 
file TP_tmp.aux.
("C:\Program Files\MiKTeX 2.7\tex\latex\amsfonts\umsa.fd")
("C:\Program Files\MiKTeX 2.7\tex\latex\amsfonts\umsb.fd") [1] (TP_tmp.aux) )
Output written on TP_tmp.dvi (1 page, 924 bytes).
Transcript written on TP_tmp.log.

Exit code was 0

> Output of command dvips -D 1200 -E -o "TP_tmp.ps" "TP_tmp.dvi" is 


C:\Users\yjin\ICASSPConf\ICASSP2010>dvips -D 1200 -E -o "TP_tmp.ps" "TP_tmp.dvi" 
This is dvips(k) 5.96dev Copyright 2007 Radical Eye Software (www.radicaleye.com)
' TeX output 2010.03.17:0917' -> TP_tmp.ps
<C:/Program Files/MiKTeX 2.7/dvips/base/tex.pro>
<C:/Program Files/MiKTeX 2.7/dvips/base/texps.pro>. 
<C:/Program Files/MiKTeX 2.7/fonts/type1/bluesky/ams/msam10.pfb>
<C:/Program Files/MiKTeX 2.7/fonts/type1/bluesky/cm/cmsy10.pfb>
<C:/Program Files/MiKTeX 2.7/fonts/type1/bluesky/cm/cmex10.pfb>
<C:/Program Files/MiKTeX 2.7/fonts/type1/bluesky/cm/cmsy7.pfb>
<C:/Program Files/MiKTeX 2.7/fonts/type1/bluesky/cm/cmmi7.pfb>
<C:/Program Files/MiKTeX 2.7/fonts/type1/bluesky/cm/cmbx10.pfb>
<C:/Program Files/MiKTeX 2.7/fonts/type1/bluesky/cm/cmr10.pfb>
<C:/Program Files/MiKTeX 2.7/fonts/type1/bluesky/cm/cmr7.pfb>
<C:/Program Files/MiKTeX 2.7/fonts/type1/bluesky/cm/cmmi10.pfb>[1] 

Exit code was 0

> Output of command gswin32c -q -dBATCH -dNOPAUSE -sDEVICE=bbox "TP_tmp.ps" > "TP_tmp.bbx" 2>&1 is 


C:\Users\yjin\ICASSPConf\ICASSP2010>gswin32c -q -dBATCH -dNOPAUSE -sDEVICE=bbox "TP_tmp.ps"  1>"TP_tmp.bbx" 2>&1 

Exit code was 0

> Output of command gswin32c -q -dNOPAUSE -dBATCH -sDEVICE=pngmono -r1200  -sOutputFile="TP_tmp.png" -g3583x517 -c -198 -625 translate   -q "TP_tmp.ps" is 


C:\Users\yjin\ICASSPConf\ICASSP2010>gswin32c -q -dNOPAUSE -dBATCH -sDEVICE=pngmono -r1200  -sOutputFile="TP_tmp.png" -g3583x517 -c -198 -625 translate   -q "TP_tmp.ps" 

Exit code was 0

